[2017-06-14 19:14:27] WebLinks.INFO: Matched route "{route}". {"route":"home","route_parameters":{"_controller":"[object] (Closure: {})","_route":"home"},"request_uri":"http://oc-myweblinks/","method":"GET"} []
[2017-06-14 19:15:09] WebLinks.INFO: Matched route "{route}". {"route":"admin","route_parameters":{"_controller":"[object] (Closure: {})","_route":"admin"},"request_uri":"http://oc-myweblinks/admin","method":"GET"} []
[2017-06-14 19:17:49] WebLinks.INFO: Matched route "{route}". {"route":"admin_link_add","route_parameters":{"_controller":"[object] (Closure: {})","_route":"admin_link_add"},"request_uri":"http://oc-myweblinks/admin/link/add","method":"GET"} []
[2017-06-14 19:17:54] WebLinks.INFO: Matched route "{route}". {"route":"admin_link_add","route_parameters":{"_controller":"[object] (Closure: {})","_route":"admin_link_add"},"request_uri":"http://oc-myweblinks/admin/link/add","method":"POST"} []
[2017-06-14 19:17:54] WebLinks.CRITICAL: Doctrine\DBAL\Exception\NotNullConstraintViolationException: An exception occurred while executing 'INSERT INTO t_link (link_id, link_title, link_url, user_id) VALUES (?, ?, ?, ?)' with params [null, "Site de recherche Google", "http:\/\/www.lesechos.fr\/journal20141121\/lec1_enquete\/0203908469986-les-dev-ces-nouvelles-stars-que-lon-sarrache-1066627.php", null]:  SQLSTATE[23000]: Integrity constraint violation: 1048 Le champ 'user_id' ne peut être vide (null) (uncaught exception) at K:\00-Google_Drive\02-Openclass\00-Lab\03-LabOC\01-archiPro\Activite02-MyWebLinks\OC-WebLinks\vendor\doctrine\dbal\lib\Doctrine\DBAL\Driver\AbstractMySQLDriver.php line 112 {"exception":"[object] (Doctrine\\DBAL\\Exception\\NotNullConstraintViolationException(code: 0): An exception occurred while executing 'INSERT INTO t_link (link_id, link_title, link_url, user_id) VALUES (?, ?, ?, ?)' with params [null, \"Site de recherche Google\", \"http:\\/\\/www.lesechos.fr\\/journal20141121\\/lec1_enquete\\/0203908469986-les-dev-ces-nouvelles-stars-que-lon-sarrache-1066627.php\", null]:\n\nSQLSTATE[23000]: Integrity constraint violation: 1048 Le champ 'user_id' ne peut être vide (null) at K:\\00-Google_Drive\\02-Openclass\\00-Lab\\03-LabOC\\01-archiPro\\Activite02-MyWebLinks\\OC-WebLinks\\vendor\\doctrine\\dbal\\lib\\Doctrine\\DBAL\\Driver\\AbstractMySQLDriver.php:112, Doctrine\\DBAL\\Driver\\PDOException(code: 23000): SQLSTATE[23000]: Integrity constraint violation: 1048 Le champ 'user_id' ne peut être vide (null) at K:\\00-Google_Drive\\02-Openclass\\00-Lab\\03-LabOC\\01-archiPro\\Activite02-MyWebLinks\\OC-WebLinks\\vendor\\doctrine\\dbal\\lib\\Doctrine\\DBAL\\Driver\\PDOStatement.php:93, PDOException(code: 23000): SQLSTATE[23000]: Integrity constraint violation: 1048 Le champ 'user_id' ne peut être vide (null) at K:\\00-Google_Drive\\02-Openclass\\00-Lab\\03-LabOC\\01-archiPro\\Activite02-MyWebLinks\\OC-WebLinks\\vendor\\doctrine\\dbal\\lib\\Doctrine\\DBAL\\Driver\\PDOStatement.php:91)"} []
[2017-06-14 19:21:56] WebLinks.INFO: Matched route "{route}". {"route":"admin_link_add","route_parameters":{"_controller":"[object] (Closure: {})","_route":"admin_link_add"},"request_uri":"http://oc-myweblinks/admin/link/add","method":"POST"} []
[2017-06-14 19:21:56] WebLinks.CRITICAL: Doctrine\DBAL\Exception\NotNullConstraintViolationException: An exception occurred while executing 'INSERT INTO t_link (link_id, link_title, link_url, user_id) VALUES (?, ?, ?, ?)' with params [null, "Site de recherche Google", "http:\/\/www.lesechos.fr\/journal20141121\/lec1_enquete\/0203908469986-les-dev-ces-nouvelles-stars-que-lon-sarrache-1066627.php", null]:  SQLSTATE[23000]: Integrity constraint violation: 1048 Le champ 'user_id' ne peut être vide (null) (uncaught exception) at K:\00-Google_Drive\02-Openclass\00-Lab\03-LabOC\01-archiPro\Activite02-MyWebLinks\OC-WebLinks\vendor\doctrine\dbal\lib\Doctrine\DBAL\Driver\AbstractMySQLDriver.php line 112 {"exception":"[object] (Doctrine\\DBAL\\Exception\\NotNullConstraintViolationException(code: 0): An exception occurred while executing 'INSERT INTO t_link (link_id, link_title, link_url, user_id) VALUES (?, ?, ?, ?)' with params [null, \"Site de recherche Google\", \"http:\\/\\/www.lesechos.fr\\/journal20141121\\/lec1_enquete\\/0203908469986-les-dev-ces-nouvelles-stars-que-lon-sarrache-1066627.php\", null]:\n\nSQLSTATE[23000]: Integrity constraint violation: 1048 Le champ 'user_id' ne peut être vide (null) at K:\\00-Google_Drive\\02-Openclass\\00-Lab\\03-LabOC\\01-archiPro\\Activite02-MyWebLinks\\OC-WebLinks\\vendor\\doctrine\\dbal\\lib\\Doctrine\\DBAL\\Driver\\AbstractMySQLDriver.php:112, Doctrine\\DBAL\\Driver\\PDOException(code: 23000): SQLSTATE[23000]: Integrity constraint violation: 1048 Le champ 'user_id' ne peut être vide (null) at K:\\00-Google_Drive\\02-Openclass\\00-Lab\\03-LabOC\\01-archiPro\\Activite02-MyWebLinks\\OC-WebLinks\\vendor\\doctrine\\dbal\\lib\\Doctrine\\DBAL\\Driver\\PDOStatement.php:93, PDOException(code: 23000): SQLSTATE[23000]: Integrity constraint violation: 1048 Le champ 'user_id' ne peut être vide (null) at K:\\00-Google_Drive\\02-Openclass\\00-Lab\\03-LabOC\\01-archiPro\\Activite02-MyWebLinks\\OC-WebLinks\\vendor\\doctrine\\dbal\\lib\\Doctrine\\DBAL\\Driver\\PDOStatement.php:91)"} []
[2017-06-14 19:32:21] WebLinks.INFO: Matched route "{route}". {"route":"api_links","route_parameters":{"_controller":"[object] (Closure: {})","_route":"api_links"},"request_uri":"http://oc-myweblinks/api/links","method":"GET"} []
[2017-06-14 19:32:35] WebLinks.INFO: Matched route "{route}". {"route":"api_link","route_parameters":{"_controller":"[object] (Closure: {})","id":"1","_route":"api_link"},"request_uri":"http://oc-myweblinks/api/link/1","method":"GET"} []
[2017-06-14 19:33:55] WebLinks.INFO: Matched route "{route}". {"route":"home","route_parameters":{"_controller":"[object] (Closure: {})","_route":"home"},"request_uri":"http://localhost/","method":"GET"} []
[2017-06-14 19:33:55] WebLinks.INFO: Populated the TokenStorage with an anonymous Token. [] []
[2017-06-14 19:33:56] WebLinks.INFO: Matched route "{route}". {"route":"login","route_parameters":{"_controller":"[object] (Closure: {})","_route":"login"},"request_uri":"http://localhost/login","method":"GET"} []
[2017-06-14 19:33:56] WebLinks.INFO: Populated the TokenStorage with an anonymous Token. [] []
[2017-06-14 19:33:56] WebLinks.INFO: Matched route "{route}". {"route":"admin","route_parameters":{"_controller":"[object] (Closure: {})","_route":"admin"},"request_uri":"http://localhost/admin","method":"GET"} []
[2017-06-14 19:33:56] WebLinks.INFO: Populated the TokenStorage with an anonymous Token. [] []
[2017-06-14 19:33:56] WebLinks.INFO: Matched route "{route}". {"route":"admin_link_add","route_parameters":{"_controller":"[object] (Closure: {})","_route":"admin_link_add"},"request_uri":"http://localhost/admin/link/add","method":"GET"} []
[2017-06-14 19:33:56] WebLinks.INFO: Populated the TokenStorage with an anonymous Token. [] []
[2017-06-14 19:33:56] WebLinks.INFO: Matched route "{route}". {"route":"admin_link_edit","route_parameters":{"_controller":"[object] (Closure: {})","id":"4","_route":"admin_link_edit"},"request_uri":"http://localhost/admin/link/4/edit","method":"GET"} []
[2017-06-14 19:33:56] WebLinks.INFO: Populated the TokenStorage with an anonymous Token. [] []
[2017-06-14 19:33:56] WebLinks.INFO: Matched route "{route}". {"route":"admin_user_add","route_parameters":{"_controller":"[object] (Closure: {})","_route":"admin_user_add"},"request_uri":"http://localhost/admin/user/add","method":"GET"} []
[2017-06-14 19:33:56] WebLinks.INFO: Populated the TokenStorage with an anonymous Token. [] []
[2017-06-14 19:33:56] WebLinks.INFO: Matched route "{route}". {"route":"api_links","route_parameters":{"_controller":"[object] (Closure: {})","_route":"api_links"},"request_uri":"http://localhost/api/links","method":"GET"} []
[2017-06-14 19:33:56] WebLinks.INFO: Populated the TokenStorage with an anonymous Token. [] []
[2017-06-14 19:33:56] WebLinks.INFO: Matched route "{route}". {"route":"api_link","route_parameters":{"_controller":"[object] (Closure: {})","id":"1","_route":"api_link"},"request_uri":"http://localhost/api/link/1","method":"GET"} []
[2017-06-14 19:33:56] WebLinks.INFO: Populated the TokenStorage with an anonymous Token. [] []
[2017-06-14 19:37:38] WebLinks.INFO: Matched route "{route}". {"route":"home","route_parameters":{"_controller":"[object] (Closure: {})","_route":"home"},"request_uri":"http://oc-myweblinks/","method":"GET"} []
[2017-06-14 19:37:41] WebLinks.INFO: Matched route "{route}". {"route":"home","route_parameters":{"_controller":"[object] (Closure: {})","_route":"home"},"request_uri":"http://oc-myweblinks/","method":"GET"} []
[2017-06-14 19:57:41] WebLinks.INFO: Matched route "{route}". {"route":"admin","route_parameters":{"_controller":"WebLinks\\Controller\\AdminController::indexAction","_route":"admin"},"request_uri":"http://oc-myweblinks/admin","method":"GET"} []
[2017-06-14 19:57:45] WebLinks.INFO: Matched route "{route}". {"route":"admin_user_edit","route_parameters":{"_controller":"[object] (Closure: {})","id":"2","_route":"admin_user_edit"},"request_uri":"http://oc-myweblinks/admin/user/2/edit","method":"GET"} []
[2017-06-14 19:57:45] WebLinks.CRITICAL: LogicException: The controller must return a response (null given). Did you forget to add a return statement somewhere in your controller? (uncaught exception) at K:\00-Google_Drive\02-Openclass\00-Lab\03-LabOC\01-archiPro\Activite02-MyWebLinks\OC-WebLinks\vendor\symfony\http-kernel\HttpKernel.php line 171 {"exception":"[object] (LogicException(code: 0): The controller must return a response (null given). Did you forget to add a return statement somewhere in your controller? at K:\\00-Google_Drive\\02-Openclass\\00-Lab\\03-LabOC\\01-archiPro\\Activite02-MyWebLinks\\OC-WebLinks\\vendor\\symfony\\http-kernel\\HttpKernel.php:171)"} []
[2017-06-14 20:02:16] WebLinks.INFO: Matched route "{route}". {"route":"home","route_parameters":{"_controller":"WebLinks\\Controller\\HomeController::indexAction","_route":"home"},"request_uri":"http://oc-myweblinks/","method":"GET"} []
[2017-06-14 20:02:19] WebLinks.INFO: Matched route "{route}". {"route":"admin_link_add","route_parameters":{"_controller":"WebLinks\\Controller\\AdminController::addLinkAction","_route":"admin_link_add"},"request_uri":"http://oc-myweblinks/admin/link/add","method":"GET"} []
[2017-06-14 20:02:21] WebLinks.INFO: Matched route "{route}". {"route":"home","route_parameters":{"_controller":"WebLinks\\Controller\\HomeController::indexAction","_route":"home"},"request_uri":"http://oc-myweblinks/","method":"GET"} []
[2017-06-14 20:02:22] WebLinks.INFO: Matched route "{route}". {"route":"admin","route_parameters":{"_controller":"WebLinks\\Controller\\AdminController::indexAction","_route":"admin"},"request_uri":"http://oc-myweblinks/admin","method":"GET"} []
[2017-06-14 20:02:25] WebLinks.INFO: Matched route "{route}". {"route":"admin_link_edit","route_parameters":{"_controller":"WebLinks\\Controller\\AdminController::editLinkAction","id":"4","_route":"admin_link_edit"},"request_uri":"http://oc-myweblinks/admin/link/4/edit","method":"GET"} []
[2017-06-14 20:02:29] WebLinks.INFO: Matched route "{route}". {"route":"admin_user_edit","route_parameters":{"_controller":"WebLinks\\Controller\\AdminController::editUserAction","id":"3","_route":"admin_user_edit"},"request_uri":"http://oc-myweblinks/admin/user/3/edit","method":"GET"} []
[2017-06-14 20:02:39] WebLinks.INFO: Matched route "{route}". {"route":"logout","route_parameters":{"_controller":null,"_route":"logout"},"request_uri":"http://oc-myweblinks/logout","method":"GET"} []
[2017-06-14 20:02:40] WebLinks.INFO: Matched route "{route}". {"route":"home","route_parameters":{"_controller":"WebLinks\\Controller\\HomeController::indexAction","_route":"home"},"request_uri":"http://oc-myweblinks/","method":"GET"} []
[2017-06-14 20:02:40] WebLinks.INFO: Populated the TokenStorage with an anonymous Token. [] []
[2017-06-14 20:02:43] WebLinks.INFO: Matched route "{route}". {"route":"login","route_parameters":{"_controller":"WebLinks\\Controller\\HomeController::loginAction","_route":"login"},"request_uri":"http://oc-myweblinks/login","method":"GET"} []
[2017-06-14 20:02:43] WebLinks.INFO: Populated the TokenStorage with an anonymous Token. [] []
[2017-06-14 20:02:50] WebLinks.INFO: Matched route "{route}". {"route":"login_check","route_parameters":{"_controller":null,"_route":"login_check"},"request_uri":"http://oc-myweblinks/login_check","method":"POST"} []
[2017-06-14 20:02:50] WebLinks.INFO: Authentication request failed. {"exception":"[object] (Symfony\\Component\\Security\\Core\\Exception\\BadCredentialsException(code: 0): Bad credentials. at K:\\00-Google_Drive\\02-Openclass\\00-Lab\\03-LabOC\\01-archiPro\\Activite02-MyWebLinks\\OC-WebLinks\\vendor\\symfony\\security\\Core\\Authentication\\Provider\\UserAuthenticationProvider.php:90, Symfony\\Component\\Security\\Core\\Exception\\BadCredentialsException(code: 0): The presented password is invalid. at K:\\00-Google_Drive\\02-Openclass\\00-Lab\\03-LabOC\\01-archiPro\\Activite02-MyWebLinks\\OC-WebLinks\\vendor\\symfony\\security\\Core\\Authentication\\Provider\\DaoAuthenticationProvider.php:67)"} []
[2017-06-14 20:02:50] WebLinks.INFO: Matched route "{route}". {"route":"login","route_parameters":{"_controller":"WebLinks\\Controller\\HomeController::loginAction","_route":"login"},"request_uri":"http://oc-myweblinks/login","method":"GET"} []
[2017-06-14 20:02:50] WebLinks.INFO: Populated the TokenStorage with an anonymous Token. [] []
[2017-06-14 20:02:55] WebLinks.INFO: Matched route "{route}". {"route":"login_check","route_parameters":{"_controller":null,"_route":"login_check"},"request_uri":"http://oc-myweblinks/login_check","method":"POST"} []
[2017-06-14 20:02:55] WebLinks.INFO: Authentication request failed. {"exception":"[object] (Symfony\\Component\\Security\\Core\\Exception\\BadCredentialsException(code: 0): Bad credentials. at K:\\00-Google_Drive\\02-Openclass\\00-Lab\\03-LabOC\\01-archiPro\\Activite02-MyWebLinks\\OC-WebLinks\\vendor\\symfony\\security\\Core\\Authentication\\Provider\\UserAuthenticationProvider.php:90, Symfony\\Component\\Security\\Core\\Exception\\BadCredentialsException(code: 0): The presented password is invalid. at K:\\00-Google_Drive\\02-Openclass\\00-Lab\\03-LabOC\\01-archiPro\\Activite02-MyWebLinks\\OC-WebLinks\\vendor\\symfony\\security\\Core\\Authentication\\Provider\\DaoAuthenticationProvider.php:67)"} []
[2017-06-14 20:02:55] WebLinks.INFO: Matched route "{route}". {"route":"login","route_parameters":{"_controller":"WebLinks\\Controller\\HomeController::loginAction","_route":"login"},"request_uri":"http://oc-myweblinks/login","method":"GET"} []
[2017-06-14 20:02:55] WebLinks.INFO: Populated the TokenStorage with an anonymous Token. [] []
[2017-06-14 20:04:00] WebLinks.INFO: Matched route "{route}". {"route":"login_check","route_parameters":{"_controller":null,"_route":"login_check"},"request_uri":"http://oc-myweblinks/login_check","method":"POST"} []
[2017-06-14 20:04:00] WebLinks.INFO: Authentication request failed. {"exception":"[object] (Symfony\\Component\\Security\\Core\\Exception\\BadCredentialsException(code: 0): Bad credentials. at K:\\00-Google_Drive\\02-Openclass\\00-Lab\\03-LabOC\\01-archiPro\\Activite02-MyWebLinks\\OC-WebLinks\\vendor\\symfony\\security\\Core\\Authentication\\Provider\\UserAuthenticationProvider.php:90, Symfony\\Component\\Security\\Core\\Exception\\BadCredentialsException(code: 0): The presented password is invalid. at K:\\00-Google_Drive\\02-Openclass\\00-Lab\\03-LabOC\\01-archiPro\\Activite02-MyWebLinks\\OC-WebLinks\\vendor\\symfony\\security\\Core\\Authentication\\Provider\\DaoAuthenticationProvider.php:67)"} []
[2017-06-14 20:04:00] WebLinks.INFO: Matched route "{route}". {"route":"login","route_parameters":{"_controller":"WebLinks\\Controller\\HomeController::loginAction","_route":"login"},"request_uri":"http://oc-myweblinks/login","method":"GET"} []
[2017-06-14 20:04:00] WebLinks.INFO: Populated the TokenStorage with an anonymous Token. [] []
[2017-06-14 20:04:13] WebLinks.INFO: Matched route "{route}". {"route":"login_check","route_parameters":{"_controller":null,"_route":"login_check"},"request_uri":"http://oc-myweblinks/login_check","method":"POST"} []
[2017-06-14 20:04:13] WebLinks.INFO: Authentication request failed. {"exception":"[object] (Symfony\\Component\\Security\\Core\\Exception\\BadCredentialsException(code: 0): Bad credentials. at K:\\00-Google_Drive\\02-Openclass\\00-Lab\\03-LabOC\\01-archiPro\\Activite02-MyWebLinks\\OC-WebLinks\\vendor\\symfony\\security\\Core\\Authentication\\Provider\\UserAuthenticationProvider.php:90, Symfony\\Component\\Security\\Core\\Exception\\BadCredentialsException(code: 0): The presented password is invalid. at K:\\00-Google_Drive\\02-Openclass\\00-Lab\\03-LabOC\\01-archiPro\\Activite02-MyWebLinks\\OC-WebLinks\\vendor\\symfony\\security\\Core\\Authentication\\Provider\\DaoAuthenticationProvider.php:67)"} []
[2017-06-14 20:04:14] WebLinks.INFO: Matched route "{route}". {"route":"login","route_parameters":{"_controller":"WebLinks\\Controller\\HomeController::loginAction","_route":"login"},"request_uri":"http://oc-myweblinks/login","method":"GET"} []
[2017-06-14 20:04:14] WebLinks.INFO: Populated the TokenStorage with an anonymous Token. [] []
[2017-06-14 20:04:23] WebLinks.INFO: Matched route "{route}". {"route":"home","route_parameters":{"_controller":"WebLinks\\Controller\\HomeController::indexAction","_route":"home"},"request_uri":"http://oc-myweblinks/","method":"GET"} []
[2017-06-14 20:04:23] WebLinks.INFO: Populated the TokenStorage with an anonymous Token. [] []
[2017-06-14 20:04:32] WebLinks.INFO: Matched route "{route}". {"route":"api_links","route_parameters":{"_controller":"WebLinks\\Controller\\ApiController::getLinksAction","_route":"api_links"},"request_uri":"http://oc-myweblinks/api/links","method":"GET"} []
[2017-06-14 20:04:32] WebLinks.INFO: Populated the TokenStorage with an anonymous Token. [] []
[2017-06-14 20:07:26] WebLinks.INFO: Matched route "{route}". {"route":"login","route_parameters":{"_controller":"WebLinks\\Controller\\HomeController::loginAction","_route":"login"},"request_uri":"http://oc-myweblinks/login","method":"GET"} []
[2017-06-14 20:07:26] WebLinks.INFO: Populated the TokenStorage with an anonymous Token. [] []
[2017-06-14 20:07:37] WebLinks.INFO: Matched route "{route}". {"route":"login_check","route_parameters":{"_controller":null,"_route":"login_check"},"request_uri":"http://oc-myweblinks/login_check","method":"POST"} []
[2017-06-14 20:07:38] WebLinks.INFO: User has been authenticated successfully. {"username":"joel.d"} []
[2017-06-14 20:07:38] WebLinks.INFO: Matched route "{route}". {"route":"home","route_parameters":{"_controller":"WebLinks\\Controller\\HomeController::indexAction","_route":"home"},"request_uri":"http://oc-myweblinks/","method":"GET"} []
[2017-06-14 20:07:46] WebLinks.INFO: Matched route "{route}". {"route":"login_check","route_parameters":{"_controller":null,"_route":"login_check"},"request_uri":"http://oc-myweblinks/login_check","method":"POST"} []
[2017-06-14 20:07:46] WebLinks.INFO: User has been authenticated successfully. {"username":"JaneDoe"} []
[2017-06-14 20:07:46] WebLinks.INFO: Matched route "{route}". {"route":"home","route_parameters":{"_controller":"WebLinks\\Controller\\HomeController::indexAction","_route":"home"},"request_uri":"http://oc-myweblinks/","method":"GET"} []
[2017-06-14 20:08:13] WebLinks.INFO: Matched route "{route}". {"route":"login_check","route_parameters":{"_controller":null,"_route":"login_check"},"request_uri":"http://oc-myweblinks/login_check","method":"POST"} []
[2017-06-14 20:08:14] WebLinks.INFO: User has been authenticated successfully. {"username":"JohnDoe"} []
[2017-06-14 20:08:14] WebLinks.INFO: Matched route "{route}". {"route":"home","route_parameters":{"_controller":"WebLinks\\Controller\\HomeController::indexAction","_route":"home"},"request_uri":"http://oc-myweblinks/","method":"GET"} []
[2017-06-14 20:08:24] WebLinks.INFO: Matched route "{route}". {"route":"login_check","route_parameters":{"_controller":null,"_route":"login_check"},"request_uri":"http://oc-myweblinks/login_check","method":"POST"} []
[2017-06-14 20:08:25] WebLinks.INFO: User has been authenticated successfully. {"username":"admin"} []
[2017-06-14 20:08:25] WebLinks.INFO: Matched route "{route}". {"route":"home","route_parameters":{"_controller":"WebLinks\\Controller\\HomeController::indexAction","_route":"home"},"request_uri":"http://oc-myweblinks/","method":"GET"} []
[2017-06-14 20:11:24] WebLinks.INFO: Matched route "{route}". {"route":"admin","route_parameters":{"_controller":"WebLinks\\Controller\\AdminController::indexAction","_route":"admin"},"request_uri":"http://oc-myweblinks/admin","method":"GET"} []
[2017-06-14 20:11:27] WebLinks.INFO: Matched route "{route}". {"route":"logout","route_parameters":{"_controller":null,"_route":"logout"},"request_uri":"http://oc-myweblinks/logout","method":"GET"} []
[2017-06-14 20:11:28] WebLinks.INFO: Matched route "{route}". {"route":"home","route_parameters":{"_controller":"WebLinks\\Controller\\HomeController::indexAction","_route":"home"},"request_uri":"http://oc-myweblinks/","method":"GET"} []
[2017-06-14 20:11:28] WebLinks.INFO: Populated the TokenStorage with an anonymous Token. [] []
[2017-06-14 20:12:09] WebLinks.INFO: Matched route "{route}". {"route":"login","route_parameters":{"_controller":"WebLinks\\Controller\\HomeController::loginAction","_route":"login"},"request_uri":"http://oc-myweblinks/login","method":"GET"} []
[2017-06-14 20:12:09] WebLinks.INFO: Populated the TokenStorage with an anonymous Token. [] []
[2017-06-14 20:12:19] WebLinks.INFO: Matched route "{route}". {"route":"login_check","route_parameters":{"_controller":null,"_route":"login_check"},"request_uri":"http://oc-myweblinks/login_check","method":"POST"} []
[2017-06-14 20:12:19] WebLinks.INFO: User has been authenticated successfully. {"username":"admin"} []
[2017-06-14 20:12:20] WebLinks.INFO: Matched route "{route}". {"route":"home","route_parameters":{"_controller":"WebLinks\\Controller\\HomeController::indexAction","_route":"home"},"request_uri":"http://oc-myweblinks/","method":"GET"} []
[2017-06-14 20:12:29] WebLinks.INFO: Matched route "{route}". {"route":"login_check","route_parameters":{"_controller":null,"_route":"login_check"},"request_uri":"http://oc-myweblinks/login_check","method":"POST"} []
[2017-06-14 20:12:29] WebLinks.INFO: User has been authenticated successfully. {"username":"JaneDoe"} []
[2017-06-14 20:12:29] WebLinks.INFO: Matched route "{route}". {"route":"home","route_parameters":{"_controller":"WebLinks\\Controller\\HomeController::indexAction","_route":"home"},"request_uri":"http://oc-myweblinks/","method":"GET"} []
[2017-06-14 20:12:40] WebLinks.INFO: Matched route "{route}". {"route":"login_check","route_parameters":{"_controller":null,"_route":"login_check"},"request_uri":"http://oc-myweblinks/login_check","method":"POST"} []
[2017-06-14 20:12:41] WebLinks.INFO: User has been authenticated successfully. {"username":"JohnDoe"} []
[2017-06-14 20:12:41] WebLinks.INFO: Matched route "{route}". {"route":"home","route_parameters":{"_controller":"WebLinks\\Controller\\HomeController::indexAction","_route":"home"},"request_uri":"http://oc-myweblinks/","method":"GET"} []
[2017-06-14 20:12:57] WebLinks.INFO: Matched route "{route}". {"route":"api_links","route_parameters":{"_controller":"WebLinks\\Controller\\ApiController::getLinksAction","_route":"api_links"},"request_uri":"http://oc-myweblinks/api/links","method":"GET"} []
[2017-06-14 20:13:07] WebLinks.INFO: Matched route "{route}". {"route":"api_link","route_parameters":{"_controller":"WebLinks\\Controller\\ApiController::getLinkAction","id":"2","_route":"api_link"},"request_uri":"http://oc-myweblinks/api/link/2","method":"GET"} []
[2017-06-14 20:13:51] WebLinks.INFO: Matched route "{route}". {"route":"admin_link_add","route_parameters":{"_controller":"WebLinks\\Controller\\AdminController::addLinkAction","_route":"admin_link_add"},"request_uri":"http://oc-myweblinks/admin/link/add","method":"GET"} []
[2017-06-14 20:13:51] WebLinks.ERROR: Symfony\Component\HttpKernel\Exception\AccessDeniedHttpException: Access Denied. (uncaught exception) at K:\00-Google_Drive\02-Openclass\00-Lab\03-LabOC\01-archiPro\Activite02-MyWebLinks\OC-WebLinks\vendor\symfony\security\Http\Firewall\ExceptionListener.php line 119 {"exception":"[object] (Symfony\\Component\\HttpKernel\\Exception\\AccessDeniedHttpException(code: 0): Access Denied. at K:\\00-Google_Drive\\02-Openclass\\00-Lab\\03-LabOC\\01-archiPro\\Activite02-MyWebLinks\\OC-WebLinks\\vendor\\symfony\\security\\Http\\Firewall\\ExceptionListener.php:119, Symfony\\Component\\Security\\Core\\Exception\\AccessDeniedException(code: 403): Access Denied. at K:\\00-Google_Drive\\02-Openclass\\00-Lab\\03-LabOC\\01-archiPro\\Activite02-MyWebLinks\\OC-WebLinks\\vendor\\symfony\\security\\Http\\Firewall\\AccessListener.php:70)"} []
[2017-06-14 20:14:12] WebLinks.INFO: Matched route "{route}". {"route":"admin_link_add","route_parameters":{"_controller":"WebLinks\\Controller\\AdminController::addLinkAction","_route":"admin_link_add"},"request_uri":"http://oc-myweblinks/admin/link/add","method":"GET"} []
[2017-06-14 20:14:12] WebLinks.ERROR: Symfony\Component\HttpKernel\Exception\AccessDeniedHttpException: Access Denied. (uncaught exception) at K:\00-Google_Drive\02-Openclass\00-Lab\03-LabOC\01-archiPro\Activite02-MyWebLinks\OC-WebLinks\vendor\symfony\security\Http\Firewall\ExceptionListener.php line 119 {"exception":"[object] (Symfony\\Component\\HttpKernel\\Exception\\AccessDeniedHttpException(code: 0): Access Denied. at K:\\00-Google_Drive\\02-Openclass\\00-Lab\\03-LabOC\\01-archiPro\\Activite02-MyWebLinks\\OC-WebLinks\\vendor\\symfony\\security\\Http\\Firewall\\ExceptionListener.php:119, Symfony\\Component\\Security\\Core\\Exception\\AccessDeniedException(code: 403): Access Denied. at K:\\00-Google_Drive\\02-Openclass\\00-Lab\\03-LabOC\\01-archiPro\\Activite02-MyWebLinks\\OC-WebLinks\\vendor\\symfony\\security\\Http\\Firewall\\AccessListener.php:70)"} []
[2017-06-14 20:14:42] WebLinks.INFO: Matched route "{route}". {"route":"admin_link_add","route_parameters":{"_controller":"WebLinks\\Controller\\AdminController::addLinkAction","_route":"admin_link_add"},"request_uri":"http://oc-myweblinks/admin/link/add","method":"GET"} []
[2017-06-14 20:14:42] WebLinks.ERROR: Symfony\Component\HttpKernel\Exception\AccessDeniedHttpException: Access Denied. (uncaught exception) at K:\00-Google_Drive\02-Openclass\00-Lab\03-LabOC\01-archiPro\Activite02-MyWebLinks\OC-WebLinks\vendor\symfony\security\Http\Firewall\ExceptionListener.php line 119 {"exception":"[object] (Symfony\\Component\\HttpKernel\\Exception\\AccessDeniedHttpException(code: 0): Access Denied. at K:\\00-Google_Drive\\02-Openclass\\00-Lab\\03-LabOC\\01-archiPro\\Activite02-MyWebLinks\\OC-WebLinks\\vendor\\symfony\\security\\Http\\Firewall\\ExceptionListener.php:119, Symfony\\Component\\Security\\Core\\Exception\\AccessDeniedException(code: 403): Access Denied. at K:\\00-Google_Drive\\02-Openclass\\00-Lab\\03-LabOC\\01-archiPro\\Activite02-MyWebLinks\\OC-WebLinks\\vendor\\symfony\\security\\Http\\Firewall\\AccessListener.php:70)"} []
[2017-06-14 20:14:44] WebLinks.INFO: Matched route "{route}". {"route":"admin_link_add","route_parameters":{"_controller":"WebLinks\\Controller\\AdminController::addLinkAction","_route":"admin_link_add"},"request_uri":"http://oc-myweblinks/admin/link/add","method":"GET"} []
[2017-06-14 20:14:44] WebLinks.ERROR: Symfony\Component\HttpKernel\Exception\AccessDeniedHttpException: Access Denied. (uncaught exception) at K:\00-Google_Drive\02-Openclass\00-Lab\03-LabOC\01-archiPro\Activite02-MyWebLinks\OC-WebLinks\vendor\symfony\security\Http\Firewall\ExceptionListener.php line 119 {"exception":"[object] (Symfony\\Component\\HttpKernel\\Exception\\AccessDeniedHttpException(code: 0): Access Denied. at K:\\00-Google_Drive\\02-Openclass\\00-Lab\\03-LabOC\\01-archiPro\\Activite02-MyWebLinks\\OC-WebLinks\\vendor\\symfony\\security\\Http\\Firewall\\ExceptionListener.php:119, Symfony\\Component\\Security\\Core\\Exception\\AccessDeniedException(code: 403): Access Denied. at K:\\00-Google_Drive\\02-Openclass\\00-Lab\\03-LabOC\\01-archiPro\\Activite02-MyWebLinks\\OC-WebLinks\\vendor\\symfony\\security\\Http\\Firewall\\AccessListener.php:70)"} []
[2017-06-14 20:14:48] WebLinks.INFO: Matched route "{route}". {"route":"home","route_parameters":{"_controller":"WebLinks\\Controller\\HomeController::indexAction","_route":"home"},"request_uri":"http://oc-myweblinks/","method":"GET"} []
[2017-06-14 20:14:51] WebLinks.INFO: Matched route "{route}". {"route":"home","route_parameters":{"_controller":"WebLinks\\Controller\\HomeController::indexAction","_route":"home"},"request_uri":"http://oc-myweblinks/","method":"GET"} []
[2017-06-14 20:14:52] WebLinks.INFO: Matched route "{route}". {"route":"admin_link_add","route_parameters":{"_controller":"WebLinks\\Controller\\AdminController::addLinkAction","_route":"admin_link_add"},"request_uri":"http://oc-myweblinks/admin/link/add","method":"GET"} []
[2017-06-14 20:14:52] WebLinks.ERROR: Symfony\Component\HttpKernel\Exception\AccessDeniedHttpException: Access Denied. (uncaught exception) at K:\00-Google_Drive\02-Openclass\00-Lab\03-LabOC\01-archiPro\Activite02-MyWebLinks\OC-WebLinks\vendor\symfony\security\Http\Firewall\ExceptionListener.php line 119 {"exception":"[object] (Symfony\\Component\\HttpKernel\\Exception\\AccessDeniedHttpException(code: 0): Access Denied. at K:\\00-Google_Drive\\02-Openclass\\00-Lab\\03-LabOC\\01-archiPro\\Activite02-MyWebLinks\\OC-WebLinks\\vendor\\symfony\\security\\Http\\Firewall\\ExceptionListener.php:119, Symfony\\Component\\Security\\Core\\Exception\\AccessDeniedException(code: 403): Access Denied. at K:\\00-Google_Drive\\02-Openclass\\00-Lab\\03-LabOC\\01-archiPro\\Activite02-MyWebLinks\\OC-WebLinks\\vendor\\symfony\\security\\Http\\Firewall\\AccessListener.php:70)"} []
[2017-06-14 20:15:14] WebLinks.INFO: Matched route "{route}". {"route":"home","route_parameters":{"_controller":"WebLinks\\Controller\\HomeController::indexAction","_route":"home"},"request_uri":"http://oc-myweblinks/","method":"GET"} []
[2017-06-14 20:15:17] WebLinks.INFO: Matched route "{route}". {"route":"admin_link_add","route_parameters":{"_controller":"WebLinks\\Controller\\AdminController::addLinkAction","_route":"admin_link_add"},"request_uri":"http://oc-myweblinks/admin/link/add","method":"GET"} []
[2017-06-14 20:15:17] WebLinks.ERROR: Symfony\Component\HttpKernel\Exception\AccessDeniedHttpException: Access Denied. (uncaught exception) at K:\00-Google_Drive\02-Openclass\00-Lab\03-LabOC\01-archiPro\Activite02-MyWebLinks\OC-WebLinks\vendor\symfony\security\Http\Firewall\ExceptionListener.php line 119 {"exception":"[object] (Symfony\\Component\\HttpKernel\\Exception\\AccessDeniedHttpException(code: 0): Access Denied. at K:\\00-Google_Drive\\02-Openclass\\00-Lab\\03-LabOC\\01-archiPro\\Activite02-MyWebLinks\\OC-WebLinks\\vendor\\symfony\\security\\Http\\Firewall\\ExceptionListener.php:119, Symfony\\Component\\Security\\Core\\Exception\\AccessDeniedException(code: 403): Access Denied. at K:\\00-Google_Drive\\02-Openclass\\00-Lab\\03-LabOC\\01-archiPro\\Activite02-MyWebLinks\\OC-WebLinks\\vendor\\symfony\\security\\Http\\Firewall\\AccessListener.php:70)"} []
[2017-06-14 20:15:59] WebLinks.INFO: Matched route "{route}". {"route":"home","route_parameters":{"_controller":"WebLinks\\Controller\\HomeController::indexAction","_route":"home"},"request_uri":"http://oc-myweblinks/","method":"GET"} []
[2017-06-14 20:16:01] WebLinks.INFO: Matched route "{route}". {"route":"admin_link_add","route_parameters":{"_controller":"WebLinks\\Controller\\AdminController::addLinkAction","_route":"admin_link_add"},"request_uri":"http://oc-myweblinks/admin/link/add","method":"GET"} []
[2017-06-14 20:16:01] WebLinks.ERROR: Symfony\Component\HttpKernel\Exception\AccessDeniedHttpException: Access Denied. (uncaught exception) at K:\00-Google_Drive\02-Openclass\00-Lab\03-LabOC\01-archiPro\Activite02-MyWebLinks\OC-WebLinks\vendor\symfony\security\Http\Firewall\ExceptionListener.php line 119 {"exception":"[object] (Symfony\\Component\\HttpKernel\\Exception\\AccessDeniedHttpException(code: 0): Access Denied. at K:\\00-Google_Drive\\02-Openclass\\00-Lab\\03-LabOC\\01-archiPro\\Activite02-MyWebLinks\\OC-WebLinks\\vendor\\symfony\\security\\Http\\Firewall\\ExceptionListener.php:119, Symfony\\Component\\Security\\Core\\Exception\\AccessDeniedException(code: 403): Access Denied. at K:\\00-Google_Drive\\02-Openclass\\00-Lab\\03-LabOC\\01-archiPro\\Activite02-MyWebLinks\\OC-WebLinks\\vendor\\symfony\\security\\Http\\Firewall\\AccessListener.php:70)"} []
[2017-06-14 20:17:51] WebLinks.INFO: Matched route "{route}". {"route":"home","route_parameters":{"_controller":"WebLinks\\Controller\\HomeController::indexAction","_route":"home"},"request_uri":"http://oc-myweblinks/","method":"GET"} []
[2017-06-14 20:18:02] WebLinks.INFO: Matched route "{route}". {"route":"home","route_parameters":{"_controller":"WebLinks\\Controller\\HomeController::indexAction","_route":"home"},"request_uri":"http://oc-myweblinks/","method":"GET"} []
[2017-06-14 20:18:05] WebLinks.INFO: Matched route "{route}". {"route":"logout","route_parameters":{"_controller":null,"_route":"logout"},"request_uri":"http://oc-myweblinks/logout","method":"GET"} []
[2017-06-14 20:18:05] WebLinks.INFO: Matched route "{route}". {"route":"home","route_parameters":{"_controller":"WebLinks\\Controller\\HomeController::indexAction","_route":"home"},"request_uri":"http://oc-myweblinks/","method":"GET"} []
[2017-06-14 20:18:05] WebLinks.INFO: Populated the TokenStorage with an anonymous Token. [] []
[2017-06-14 20:19:01] WebLinks.INFO: Matched route "{route}". {"route":"home","route_parameters":{"_controller":"WebLinks\\Controller\\HomeController::indexAction","_route":"home"},"request_uri":"http://oc-myweblinks/","method":"GET"} []
[2017-06-14 20:19:01] WebLinks.INFO: Populated the TokenStorage with an anonymous Token. [] []
[2017-06-14 20:19:06] WebLinks.INFO: Matched route "{route}". {"route":"login","route_parameters":{"_controller":"WebLinks\\Controller\\HomeController::loginAction","_route":"login"},"request_uri":"http://oc-myweblinks/login","method":"GET"} []
[2017-06-14 20:19:06] WebLinks.INFO: Populated the TokenStorage with an anonymous Token. [] []
[2017-06-14 20:19:08] WebLinks.INFO: Matched route "{route}". {"route":"login_check","route_parameters":{"_controller":null,"_route":"login_check"},"request_uri":"http://oc-myweblinks/login_check","method":"POST"} []
[2017-06-14 20:19:08] WebLinks.INFO: User has been authenticated successfully. {"username":"JohnDoe"} []
[2017-06-14 20:19:09] WebLinks.INFO: Matched route "{route}". {"route":"home","route_parameters":{"_controller":"WebLinks\\Controller\\HomeController::indexAction","_route":"home"},"request_uri":"http://oc-myweblinks/","method":"GET"} []
[2017-06-14 20:19:10] WebLinks.INFO: Matched route "{route}". {"route":"admin_link_add","route_parameters":{"_controller":"WebLinks\\Controller\\AdminController::addLinkAction","_route":"admin_link_add"},"request_uri":"http://oc-myweblinks/admin/link/add","method":"GET"} []
[2017-06-14 20:19:10] WebLinks.ERROR: Symfony\Component\HttpKernel\Exception\AccessDeniedHttpException: Access Denied. (uncaught exception) at K:\00-Google_Drive\02-Openclass\00-Lab\03-LabOC\01-archiPro\Activite02-MyWebLinks\OC-WebLinks\vendor\symfony\security\Http\Firewall\ExceptionListener.php line 119 {"exception":"[object] (Symfony\\Component\\HttpKernel\\Exception\\AccessDeniedHttpException(code: 0): Access Denied. at K:\\00-Google_Drive\\02-Openclass\\00-Lab\\03-LabOC\\01-archiPro\\Activite02-MyWebLinks\\OC-WebLinks\\vendor\\symfony\\security\\Http\\Firewall\\ExceptionListener.php:119, Symfony\\Component\\Security\\Core\\Exception\\AccessDeniedException(code: 403): Access Denied. at K:\\00-Google_Drive\\02-Openclass\\00-Lab\\03-LabOC\\01-archiPro\\Activite02-MyWebLinks\\OC-WebLinks\\vendor\\symfony\\security\\Http\\Firewall\\AccessListener.php:70)"} []
[2017-06-14 20:19:53] WebLinks.INFO: Matched route "{route}". {"route":"home","route_parameters":{"_controller":"WebLinks\\Controller\\HomeController::indexAction","_route":"home"},"request_uri":"http://oc-myweblinks/","method":"GET"} []
[2017-06-14 20:19:54] WebLinks.INFO: Matched route "{route}". {"route":"admin_link_add","route_parameters":{"_controller":"WebLinks\\Controller\\AdminController::addLinkAction","_route":"admin_link_add"},"request_uri":"http://oc-myweblinks/admin/link/add","method":"GET"} []
[2017-06-14 20:19:54] WebLinks.ERROR: Symfony\Component\HttpKernel\Exception\AccessDeniedHttpException: Access Denied. (uncaught exception) at K:\00-Google_Drive\02-Openclass\00-Lab\03-LabOC\01-archiPro\Activite02-MyWebLinks\OC-WebLinks\vendor\symfony\security\Http\Firewall\ExceptionListener.php line 119 {"exception":"[object] (Symfony\\Component\\HttpKernel\\Exception\\AccessDeniedHttpException(code: 0): Access Denied. at K:\\00-Google_Drive\\02-Openclass\\00-Lab\\03-LabOC\\01-archiPro\\Activite02-MyWebLinks\\OC-WebLinks\\vendor\\symfony\\security\\Http\\Firewall\\ExceptionListener.php:119, Symfony\\Component\\Security\\Core\\Exception\\AccessDeniedException(code: 403): Access Denied. at K:\\00-Google_Drive\\02-Openclass\\00-Lab\\03-LabOC\\01-archiPro\\Activite02-MyWebLinks\\OC-WebLinks\\vendor\\symfony\\security\\Http\\Firewall\\AccessListener.php:70)"} []
[2017-06-14 20:21:06] WebLinks.INFO: Matched route "{route}". {"route":"home","route_parameters":{"_controller":"WebLinks\\Controller\\HomeController::indexAction","_route":"home"},"request_uri":"http://oc-myweblinks/","method":"GET"} []
[2017-06-14 20:21:11] WebLinks.INFO: Matched route "{route}". {"route":"logout","route_parameters":{"_controller":null,"_route":"logout"},"request_uri":"http://oc-myweblinks/logout","method":"GET"} []
[2017-06-14 20:21:11] WebLinks.INFO: Matched route "{route}". {"route":"home","route_parameters":{"_controller":"WebLinks\\Controller\\HomeController::indexAction","_route":"home"},"request_uri":"http://oc-myweblinks/","method":"GET"} []
[2017-06-14 20:21:11] WebLinks.INFO: Populated the TokenStorage with an anonymous Token. [] []
[2017-06-14 20:21:15] WebLinks.INFO: Matched route "{route}". {"route":"login","route_parameters":{"_controller":"WebLinks\\Controller\\HomeController::loginAction","_route":"login"},"request_uri":"http://oc-myweblinks/login","method":"GET"} []
[2017-06-14 20:21:15] WebLinks.INFO: Populated the TokenStorage with an anonymous Token. [] []
[2017-06-14 20:21:16] WebLinks.INFO: Matched route "{route}". {"route":"login_check","route_parameters":{"_controller":null,"_route":"login_check"},"request_uri":"http://oc-myweblinks/login_check","method":"POST"} []
[2017-06-14 20:21:17] WebLinks.INFO: User has been authenticated successfully. {"username":"JohnDoe"} []
[2017-06-14 20:21:17] WebLinks.INFO: Matched route "{route}". {"route":"home","route_parameters":{"_controller":"WebLinks\\Controller\\HomeController::indexAction","_route":"home"},"request_uri":"http://oc-myweblinks/","method":"GET"} []
[2017-06-14 20:21:19] WebLinks.INFO: Matched route "{route}". {"route":"admin_link_add","route_parameters":{"_controller":"WebLinks\\Controller\\AdminController::addLinkAction","_route":"admin_link_add"},"request_uri":"http://oc-myweblinks/admin/link/add","method":"GET"} []
[2017-06-14 20:21:19] WebLinks.ERROR: Symfony\Component\HttpKernel\Exception\AccessDeniedHttpException: Access Denied. (uncaught exception) at K:\00-Google_Drive\02-Openclass\00-Lab\03-LabOC\01-archiPro\Activite02-MyWebLinks\OC-WebLinks\vendor\symfony\security\Http\Firewall\ExceptionListener.php line 119 {"exception":"[object] (Symfony\\Component\\HttpKernel\\Exception\\AccessDeniedHttpException(code: 0): Access Denied. at K:\\00-Google_Drive\\02-Openclass\\00-Lab\\03-LabOC\\01-archiPro\\Activite02-MyWebLinks\\OC-WebLinks\\vendor\\symfony\\security\\Http\\Firewall\\ExceptionListener.php:119, Symfony\\Component\\Security\\Core\\Exception\\AccessDeniedException(code: 403): Access Denied. at K:\\00-Google_Drive\\02-Openclass\\00-Lab\\03-LabOC\\01-archiPro\\Activite02-MyWebLinks\\OC-WebLinks\\vendor\\symfony\\security\\Http\\Firewall\\AccessListener.php:70)"} []
[2017-06-14 20:23:22] WebLinks.INFO: Matched route "{route}". {"route":"logout","route_parameters":{"_controller":null,"_route":"logout"},"request_uri":"http://oc-myweblinks/logout","method":"GET"} []
[2017-06-14 20:23:22] WebLinks.INFO: Matched route "{route}". {"route":"home","route_parameters":{"_controller":"WebLinks\\Controller\\HomeController::indexAction","_route":"home"},"request_uri":"http://oc-myweblinks/","method":"GET"} []
[2017-06-14 20:23:22] WebLinks.INFO: Populated the TokenStorage with an anonymous Token. [] []
[2017-06-14 20:23:24] WebLinks.INFO: Matched route "{route}". {"route":"login","route_parameters":{"_controller":"WebLinks\\Controller\\HomeController::loginAction","_route":"login"},"request_uri":"http://oc-myweblinks/login","method":"GET"} []
[2017-06-14 20:23:24] WebLinks.INFO: Populated the TokenStorage with an anonymous Token. [] []
[2017-06-14 20:23:31] WebLinks.INFO: Matched route "{route}". {"route":"login_check","route_parameters":{"_controller":null,"_route":"login_check"},"request_uri":"http://oc-myweblinks/login_check","method":"POST"} []
[2017-06-14 20:23:31] WebLinks.INFO: User has been authenticated successfully. {"username":"admin"} []
[2017-06-14 20:23:32] WebLinks.INFO: Matched route "{route}". {"route":"home","route_parameters":{"_controller":"WebLinks\\Controller\\HomeController::indexAction","_route":"home"},"request_uri":"http://oc-myweblinks/","method":"GET"} []
[2017-06-14 20:23:34] WebLinks.INFO: Matched route "{route}". {"route":"admin_link_add","route_parameters":{"_controller":"WebLinks\\Controller\\AdminController::addLinkAction","_route":"admin_link_add"},"request_uri":"http://oc-myweblinks/admin/link/add","method":"GET"} []
[2017-06-14 20:24:33] WebLinks.INFO: Matched route "{route}". {"route":"admin_link_add","route_parameters":{"_controller":"WebLinks\\Controller\\AdminController::addLinkAction","_route":"admin_link_add"},"request_uri":"http://oc-myweblinks/admin/link/add","method":"GET"} []
[2017-06-14 20:24:36] WebLinks.INFO: Matched route "{route}". {"route":"admin_link_add","route_parameters":{"_controller":"WebLinks\\Controller\\AdminController::addLinkAction","_route":"admin_link_add"},"request_uri":"http://oc-myweblinks/admin/link/add","method":"GET"} []
[2017-06-14 20:24:40] WebLinks.INFO: Matched route "{route}". {"route":"logout","route_parameters":{"_controller":null,"_route":"logout"},"request_uri":"http://oc-myweblinks/logout","method":"GET"} []
[2017-06-14 20:24:40] WebLinks.INFO: Matched route "{route}". {"route":"home","route_parameters":{"_controller":"WebLinks\\Controller\\HomeController::indexAction","_route":"home"},"request_uri":"http://oc-myweblinks/","method":"GET"} []
[2017-06-14 20:24:40] WebLinks.INFO: Populated the TokenStorage with an anonymous Token. [] []
[2017-06-14 20:24:43] WebLinks.INFO: Matched route "{route}". {"route":"login","route_parameters":{"_controller":"WebLinks\\Controller\\HomeController::loginAction","_route":"login"},"request_uri":"http://oc-myweblinks/login","method":"GET"} []
[2017-06-14 20:24:43] WebLinks.INFO: Populated the TokenStorage with an anonymous Token. [] []
[2017-06-14 20:24:50] WebLinks.INFO: Matched route "{route}". {"route":"login_check","route_parameters":{"_controller":null,"_route":"login_check"},"request_uri":"http://oc-myweblinks/login_check","method":"POST"} []
[2017-06-14 20:24:51] WebLinks.INFO: User has been authenticated successfully. {"username":"JohnDoe"} []
[2017-06-14 20:24:51] WebLinks.INFO: Matched route "{route}". {"route":"home","route_parameters":{"_controller":"WebLinks\\Controller\\HomeController::indexAction","_route":"home"},"request_uri":"http://oc-myweblinks/","method":"GET"} []
[2017-06-14 20:24:52] WebLinks.INFO: Matched route "{route}". {"route":"admin_link_add","route_parameters":{"_controller":"WebLinks\\Controller\\AdminController::addLinkAction","_route":"admin_link_add"},"request_uri":"http://oc-myweblinks/admin/link/add","method":"GET"} []
[2017-06-14 20:24:52] WebLinks.ERROR: Symfony\Component\HttpKernel\Exception\AccessDeniedHttpException: Access Denied. (uncaught exception) at K:\00-Google_Drive\02-Openclass\00-Lab\03-LabOC\01-archiPro\Activite02-MyWebLinks\OC-WebLinks\vendor\symfony\security\Http\Firewall\ExceptionListener.php line 119 {"exception":"[object] (Symfony\\Component\\HttpKernel\\Exception\\AccessDeniedHttpException(code: 0): Access Denied. at K:\\00-Google_Drive\\02-Openclass\\00-Lab\\03-LabOC\\01-archiPro\\Activite02-MyWebLinks\\OC-WebLinks\\vendor\\symfony\\security\\Http\\Firewall\\ExceptionListener.php:119, Symfony\\Component\\Security\\Core\\Exception\\AccessDeniedException(code: 403): Access Denied. at K:\\00-Google_Drive\\02-Openclass\\00-Lab\\03-LabOC\\01-archiPro\\Activite02-MyWebLinks\\OC-WebLinks\\vendor\\symfony\\security\\Http\\Firewall\\AccessListener.php:70)"} []
[2017-06-14 20:26:06] WebLinks.INFO: Matched route "{route}". {"route":"home","route_parameters":{"_controller":"WebLinks\\Controller\\HomeController::indexAction","_route":"home"},"request_uri":"http://oc-myweblinks/","method":"GET"} []
[2017-06-14 20:27:25] WebLinks.INFO: Matched route "{route}". {"route":"home","route_parameters":{"_controller":"WebLinks\\Controller\\HomeController::indexAction","_route":"home"},"request_uri":"http://oc-myweblinks/","method":"GET"} []
[2017-06-14 20:27:28] WebLinks.INFO: Matched route "{route}". {"route":"logout","route_parameters":{"_controller":null,"_route":"logout"},"request_uri":"http://oc-myweblinks/logout","method":"GET"} []
[2017-06-14 20:27:28] WebLinks.INFO: Matched route "{route}". {"route":"home","route_parameters":{"_controller":"WebLinks\\Controller\\HomeController::indexAction","_route":"home"},"request_uri":"http://oc-myweblinks/","method":"GET"} []
[2017-06-14 20:27:28] WebLinks.INFO: Populated the TokenStorage with an anonymous Token. [] []
[2017-06-14 20:27:33] WebLinks.INFO: Matched route "{route}". {"route":"login_check","route_parameters":{"_controller":null,"_route":"login_check"},"request_uri":"http://oc-myweblinks/login_check","method":"POST"} []
[2017-06-14 20:27:33] WebLinks.INFO: User has been authenticated successfully. {"username":"JohnDoe"} []
[2017-06-14 20:27:33] WebLinks.INFO: Matched route "{route}". {"route":"home","route_parameters":{"_controller":"WebLinks\\Controller\\HomeController::indexAction","_route":"home"},"request_uri":"http://oc-myweblinks/","method":"GET"} []
[2017-06-14 20:28:43] WebLinks.INFO: Matched route "{route}". {"route":"home","route_parameters":{"_controller":"WebLinks\\Controller\\HomeController::indexAction","_route":"home"},"request_uri":"http://oc-myweblinks/","method":"GET"} []
[2017-06-14 20:28:45] WebLinks.INFO: Matched route "{route}". {"route":"admin_link_add","route_parameters":{"_controller":"WebLinks\\Controller\\AdminController::addLinkAction","_route":"admin_link_add"},"request_uri":"http://oc-myweblinks/admin/link/add","method":"GET"} []
[2017-06-14 20:28:45] WebLinks.ERROR: Symfony\Component\HttpKernel\Exception\AccessDeniedHttpException: Access Denied. (uncaught exception) at K:\00-Google_Drive\02-Openclass\00-Lab\03-LabOC\01-archiPro\Activite02-MyWebLinks\OC-WebLinks\vendor\symfony\security\Http\Firewall\ExceptionListener.php line 119 {"exception":"[object] (Symfony\\Component\\HttpKernel\\Exception\\AccessDeniedHttpException(code: 0): Access Denied. at K:\\00-Google_Drive\\02-Openclass\\00-Lab\\03-LabOC\\01-archiPro\\Activite02-MyWebLinks\\OC-WebLinks\\vendor\\symfony\\security\\Http\\Firewall\\ExceptionListener.php:119, Symfony\\Component\\Security\\Core\\Exception\\AccessDeniedException(code: 403): Access Denied. at K:\\00-Google_Drive\\02-Openclass\\00-Lab\\03-LabOC\\01-archiPro\\Activite02-MyWebLinks\\OC-WebLinks\\vendor\\symfony\\security\\Http\\Firewall\\AccessListener.php:70)"} []
[2017-06-14 20:28:50] WebLinks.INFO: Matched route "{route}". {"route":"home","route_parameters":{"_controller":"WebLinks\\Controller\\HomeController::indexAction","_route":"home"},"request_uri":"http://oc-myweblinks/","method":"GET"} []
[2017-06-14 20:28:51] WebLinks.INFO: Matched route "{route}". {"route":"admin_link_add","route_parameters":{"_controller":"WebLinks\\Controller\\AdminController::addLinkAction","_route":"admin_link_add"},"request_uri":"http://oc-myweblinks/admin/link/add","method":"GET"} []
[2017-06-14 20:28:51] WebLinks.ERROR: Symfony\Component\HttpKernel\Exception\AccessDeniedHttpException: Access Denied. (uncaught exception) at K:\00-Google_Drive\02-Openclass\00-Lab\03-LabOC\01-archiPro\Activite02-MyWebLinks\OC-WebLinks\vendor\symfony\security\Http\Firewall\ExceptionListener.php line 119 {"exception":"[object] (Symfony\\Component\\HttpKernel\\Exception\\AccessDeniedHttpException(code: 0): Access Denied. at K:\\00-Google_Drive\\02-Openclass\\00-Lab\\03-LabOC\\01-archiPro\\Activite02-MyWebLinks\\OC-WebLinks\\vendor\\symfony\\security\\Http\\Firewall\\ExceptionListener.php:119, Symfony\\Component\\Security\\Core\\Exception\\AccessDeniedException(code: 403): Access Denied. at K:\\00-Google_Drive\\02-Openclass\\00-Lab\\03-LabOC\\01-archiPro\\Activite02-MyWebLinks\\OC-WebLinks\\vendor\\symfony\\security\\Http\\Firewall\\AccessListener.php:70)"} []
[2017-06-14 20:29:26] WebLinks.INFO: Matched route "{route}". {"route":"home","route_parameters":{"_controller":"WebLinks\\Controller\\HomeController::indexAction","_route":"home"},"request_uri":"http://oc-myweblinks/","method":"GET"} []
[2017-06-14 20:29:28] WebLinks.INFO: Matched route "{route}". {"route":"admin_link_add","route_parameters":{"_controller":"WebLinks\\Controller\\AdminController::addLinkAction","_route":"admin_link_add"},"request_uri":"http://oc-myweblinks/admin/link/add","method":"GET"} []
[2017-06-14 20:29:28] WebLinks.ERROR: Symfony\Component\HttpKernel\Exception\AccessDeniedHttpException: Access Denied. (uncaught exception) at K:\00-Google_Drive\02-Openclass\00-Lab\03-LabOC\01-archiPro\Activite02-MyWebLinks\OC-WebLinks\vendor\symfony\security\Http\Firewall\ExceptionListener.php line 119 {"exception":"[object] (Symfony\\Component\\HttpKernel\\Exception\\AccessDeniedHttpException(code: 0): Access Denied. at K:\\00-Google_Drive\\02-Openclass\\00-Lab\\03-LabOC\\01-archiPro\\Activite02-MyWebLinks\\OC-WebLinks\\vendor\\symfony\\security\\Http\\Firewall\\ExceptionListener.php:119, Symfony\\Component\\Security\\Core\\Exception\\AccessDeniedException(code: 403): Access Denied. at K:\\00-Google_Drive\\02-Openclass\\00-Lab\\03-LabOC\\01-archiPro\\Activite02-MyWebLinks\\OC-WebLinks\\vendor\\symfony\\security\\Http\\Firewall\\AccessListener.php:70)"} []
[2017-06-14 20:31:22] WebLinks.INFO: Matched route "{route}". {"route":"home","route_parameters":{"_controller":"WebLinks\\Controller\\HomeController::indexAction","_route":"home"},"request_uri":"http://oc-myweblinks/","method":"GET"} []
[2017-06-14 20:31:22] WebLinks.CRITICAL: Twig_Error_Syntax: Unexpected end of template. (uncaught exception) at K:\00-Google_Drive\02-Openclass\00-Lab\03-LabOC\01-archiPro\Activite02-MyWebLinks\OC-WebLinks\views\layout.html.twig line 71 {"exception":"[object] (Twig_Error_Syntax(code: 0): Unexpected end of template. at K:\\00-Google_Drive\\02-Openclass\\00-Lab\\03-LabOC\\01-archiPro\\Activite02-MyWebLinks\\OC-WebLinks\\views\\layout.html.twig:71)"} []
[2017-06-14 20:31:38] WebLinks.INFO: Matched route "{route}". {"route":"home","route_parameters":{"_controller":"WebLinks\\Controller\\HomeController::indexAction","_route":"home"},"request_uri":"http://oc-myweblinks/","method":"GET"} []
[2017-06-14 20:31:40] WebLinks.INFO: Matched route "{route}". {"route":"admin_link_add","route_parameters":{"_controller":"WebLinks\\Controller\\AdminController::addLinkAction","_route":"admin_link_add"},"request_uri":"http://oc-myweblinks/admin/link/add","method":"GET"} []
[2017-06-14 20:31:40] WebLinks.ERROR: Symfony\Component\HttpKernel\Exception\AccessDeniedHttpException: Access Denied. (uncaught exception) at K:\00-Google_Drive\02-Openclass\00-Lab\03-LabOC\01-archiPro\Activite02-MyWebLinks\OC-WebLinks\vendor\symfony\security\Http\Firewall\ExceptionListener.php line 119 {"exception":"[object] (Symfony\\Component\\HttpKernel\\Exception\\AccessDeniedHttpException(code: 0): Access Denied. at K:\\00-Google_Drive\\02-Openclass\\00-Lab\\03-LabOC\\01-archiPro\\Activite02-MyWebLinks\\OC-WebLinks\\vendor\\symfony\\security\\Http\\Firewall\\ExceptionListener.php:119, Symfony\\Component\\Security\\Core\\Exception\\AccessDeniedException(code: 403): Access Denied. at K:\\00-Google_Drive\\02-Openclass\\00-Lab\\03-LabOC\\01-archiPro\\Activite02-MyWebLinks\\OC-WebLinks\\vendor\\symfony\\security\\Http\\Firewall\\AccessListener.php:70)"} []
[2017-06-14 20:32:54] WebLinks.INFO: Matched route "{route}". {"route":"home","route_parameters":{"_controller":"WebLinks\\Controller\\HomeController::indexAction","_route":"home"},"request_uri":"http://oc-myweblinks/","method":"GET"} []
[2017-06-14 20:32:55] WebLinks.CRITICAL: Twig_Error_Syntax: Unexpected character "!". (uncaught exception) at K:\00-Google_Drive\02-Openclass\00-Lab\03-LabOC\01-archiPro\Activite02-MyWebLinks\OC-WebLinks\views\layout.html.twig line 53 {"exception":"[object] (Twig_Error_Syntax(code: 0): Unexpected character \"!\". at K:\\00-Google_Drive\\02-Openclass\\00-Lab\\03-LabOC\\01-archiPro\\Activite02-MyWebLinks\\OC-WebLinks\\views\\layout.html.twig:53)"} []
[2017-06-14 20:33:07] WebLinks.INFO: Matched route "{route}". {"route":"home","route_parameters":{"_controller":"WebLinks\\Controller\\HomeController::indexAction","_route":"home"},"request_uri":"http://oc-myweblinks/","method":"GET"} []
[2017-06-14 20:33:09] WebLinks.INFO: Matched route "{route}". {"route":"admin_link_add","route_parameters":{"_controller":"WebLinks\\Controller\\AdminController::addLinkAction","_route":"admin_link_add"},"request_uri":"http://oc-myweblinks/admin/link/add","method":"GET"} []
[2017-06-14 20:33:09] WebLinks.ERROR: Symfony\Component\HttpKernel\Exception\AccessDeniedHttpException: Access Denied. (uncaught exception) at K:\00-Google_Drive\02-Openclass\00-Lab\03-LabOC\01-archiPro\Activite02-MyWebLinks\OC-WebLinks\vendor\symfony\security\Http\Firewall\ExceptionListener.php line 119 {"exception":"[object] (Symfony\\Component\\HttpKernel\\Exception\\AccessDeniedHttpException(code: 0): Access Denied. at K:\\00-Google_Drive\\02-Openclass\\00-Lab\\03-LabOC\\01-archiPro\\Activite02-MyWebLinks\\OC-WebLinks\\vendor\\symfony\\security\\Http\\Firewall\\ExceptionListener.php:119, Symfony\\Component\\Security\\Core\\Exception\\AccessDeniedException(code: 403): Access Denied. at K:\\00-Google_Drive\\02-Openclass\\00-Lab\\03-LabOC\\01-archiPro\\Activite02-MyWebLinks\\OC-WebLinks\\vendor\\symfony\\security\\Http\\Firewall\\AccessListener.php:70)"} []
